TimeStamp: 2023/01/24 22:05:26 
Message: Error couldn't get genres 
[error] : Error: couldn't get genres
    at C:\Projects\backend\vidly\routes\genres.js:13:9
    at newFn (C:\Projects\backend\vidly\node_modules\express-async-errors\index.js:16:20)
    at Layer.handle [as handle_request] (C:\Projects\backend\vidly\node_modules\express\lib\router\layer.js:95:5)
    at next (C:\Projects\backend\vidly\node_modules\express\lib\router\route.js:144:13)
    at Route.dispatch (C:\Projects\backend\vidly\node_modules\express\lib\router\route.js:114:3)
    at newFn (C:\Projects\backend\vidly\node_modules\express-async-errors\index.js:16:20)
    at Layer.handle [as handle_request] (C:\Projects\backend\vidly\node_modules\express\lib\router\layer.js:95:5)
    at C:\Projects\backend\vidly\node_modules\express\lib\router\index.js:284:15
    at Function.process_params (C:\Projects\backend\vidly\node_modules\express\lib\router\index.js:346:12)
    at next (C:\Projects\backend\vidly\node_modules\express\lib\router\index.js:280:10)


TimeStamp: 2023/01/25 00:06:19 
Message: Error Cannot set headers after they are sent to the client 
[error] : Error [ERR_HTTP_HEADERS_SENT]: Cannot set headers after they are sent to the client
    at new NodeError (node:internal/errors:393:5)
    at ServerResponse.setHeader (node:_http_outgoing:644:11)
    at ServerResponse.header (C:\Projects\backend\vidly\node_modules\express\lib\response.js:794:10)
    at ServerResponse.send (C:\Projects\backend\vidly\node_modules\express\lib\response.js:174:12)
    at C:\Projects\backend\vidly\routes\movies.js:20:7
    at process.processTicksAndRejections (node:internal/process/task_queues:95:5)


TimeStamp: 2023/01/25 00:19:08 
Message: Error Cannot set headers after they are sent to the client 
[error] : Error [ERR_HTTP_HEADERS_SENT]: Cannot set headers after they are sent to the client
    at new NodeError (node:internal/errors:393:5)
    at ServerResponse.setHeader (node:_http_outgoing:644:11)
    at ServerResponse.header (C:\Projects\backend\vidly\node_modules\express\lib\response.js:794:10)
    at ServerResponse.send (C:\Projects\backend\vidly\node_modules\express\lib\response.js:174:12)
    at C:\Projects\backend\vidly\routes\movies.js:20:7
    at process.processTicksAndRejections (node:internal/process/task_queues:95:5)


