TimeStamp: 2023/01/26 14:25:32 
Message: uncaughtException: admin is not defined
ReferenceError: admin is not defined
    at Object.<anonymous> (C:\Projects\backend\vidly\routes\movies.js:23:25)
    at Module._compile (node:internal/modules/cjs/loader:1159:14)
    at Module._extensions..js (node:internal/modules/cjs/loader:1213:10)
    at Module.load (node:internal/modules/cjs/loader:1037:32)
    at Module._load (node:internal/modules/cjs/loader:878:12)
    at Module.require (node:internal/modules/cjs/loader:1061:19)
    at require (node:internal/modules/cjs/helpers:103:18)
    at Object.<anonymous> (C:\Projects\backend\vidly\startup\routes.js:5:16)
    at Module._compile (node:internal/modules/cjs/loader:1159:14)
    at Module._extensions..js (node:internal/modules/cjs/loader:1213:10) 
[error] : ReferenceError: admin is not defined
    at Object.<anonymous> (C:\Projects\backend\vidly\routes\movies.js:23:25)
    at Module._compile (node:internal/modules/cjs/loader:1159:14)
    at Module._extensions..js (node:internal/modules/cjs/loader:1213:10)
    at Module.load (node:internal/modules/cjs/loader:1037:32)
    at Module._load (node:internal/modules/cjs/loader:878:12)
    at Module.require (node:internal/modules/cjs/loader:1061:19)
    at require (node:internal/modules/cjs/helpers:103:18)
    at Object.<anonymous> (C:\Projects\backend\vidly\startup\routes.js:5:16)
    at Module._compile (node:internal/modules/cjs/loader:1159:14)
    at Module._extensions..js (node:internal/modules/cjs/loader:1213:10)


TimeStamp: 2023/01/26 14:30:51 
Message: Error Cannot set headers after they are sent to the client 
[error] : Error [ERR_HTTP_HEADERS_SENT]: Cannot set headers after they are sent to the client
    at new NodeError (node:internal/errors:393:5)
    at ServerResponse.setHeader (node:_http_outgoing:644:11)
    at ServerResponse.header (C:\Projects\backend\vidly\node_modules\express\lib\response.js:794:10)
    at ServerResponse.send (C:\Projects\backend\vidly\node_modules\express\lib\response.js:174:12)
    at ServerResponse.json (C:\Projects\backend\vidly\node_modules\express\lib\response.js:278:15)
    at ServerResponse.send (C:\Projects\backend\vidly\node_modules\express\lib\response.js:162:21)
    at C:\Projects\backend\vidly\routes\movies.js:42:7
    at process.processTicksAndRejections (node:internal/process/task_queues:95:5)


TimeStamp: 2023/01/26 14:31:57 
Message: Error Cannot set headers after they are sent to the client 
[error] : Error [ERR_HTTP_HEADERS_SENT]: Cannot set headers after they are sent to the client
    at new NodeError (node:internal/errors:393:5)
    at ServerResponse.setHeader (node:_http_outgoing:644:11)
    at ServerResponse.header (C:\Projects\backend\vidly\node_modules\express\lib\response.js:794:10)
    at ServerResponse.send (C:\Projects\backend\vidly\node_modules\express\lib\response.js:174:12)
    at ServerResponse.json (C:\Projects\backend\vidly\node_modules\express\lib\response.js:278:15)
    at ServerResponse.send (C:\Projects\backend\vidly\node_modules\express\lib\response.js:162:21)
    at C:\Projects\backend\vidly\routes\movies.js:42:7
    at process.processTicksAndRejections (node:internal/process/task_queues:95:5)


